0 info it worked if it ends with ok
1 verbose cli [ 'C:\\Program Files\\nodejs\\node.exe',
1 verbose cli   'C:\\Users\\Scott\\AppData\\Roaming\\npm\\node_modules\\npm\\bin\\npm-cli.js',
1 verbose cli   'install',
1 verbose cli   '--save',
1 verbose cli   'odbc' ]
2 info using npm@3.10.2
3 info using node@v6.3.1
4 silly loadCurrentTree Starting
5 silly install loadCurrentTree
6 silly install readLocalPackageData
7 silly fetchPackageMetaData odbc@1.2.1
8 silly fetchNamedPackageData odbc
9 silly mapToRegistry name odbc
10 silly mapToRegistry using default registry
11 silly mapToRegistry registry https://registry.npmjs.org/
12 silly mapToRegistry data Result {
12 silly mapToRegistry   raw: 'odbc',
12 silly mapToRegistry   scope: null,
12 silly mapToRegistry   escapedName: 'odbc',
12 silly mapToRegistry   name: 'odbc',
12 silly mapToRegistry   rawSpec: '',
12 silly mapToRegistry   spec: 'latest',
12 silly mapToRegistry   type: 'tag' }
13 silly mapToRegistry uri https://registry.npmjs.org/odbc
14 verbose request uri https://registry.npmjs.org/odbc
15 verbose request no auth needed
16 info attempt registry request try #1 at 10:52:37 AM
17 verbose request id 7417d70977a25987
18 http request GET https://registry.npmjs.org/odbc
19 http 200 https://registry.npmjs.org/odbc
20 verbose headers { server: 'CouchDB/1.5.0 (Erlang OTP/R16B03)',
20 verbose headers   etag: '"AH3R355D7DHL5ZWOQK1QQJM0E"',
20 verbose headers   'content-type': 'application/json',
20 verbose headers   'content-encoding': 'gzip',
20 verbose headers   'cache-control': 'max-age=300',
20 verbose headers   'content-length': '10237',
20 verbose headers   'accept-ranges': 'bytes',
20 verbose headers   date: 'Tue, 16 Aug 2016 14:52:39 GMT',
20 verbose headers   via: '1.1 varnish',
20 verbose headers   age: '0',
20 verbose headers   connection: 'keep-alive',
20 verbose headers   'x-served-by': 'cache-gru7126-GRU',
20 verbose headers   'x-cache': 'MISS',
20 verbose headers   'x-cache-hits': '0',
20 verbose headers   'x-timer': 'S1471359159.703597,VS0,VE244',
20 verbose headers   vary: 'Accept-Encoding' }
21 silly get cb [ 200,
21 silly get   { server: 'CouchDB/1.5.0 (Erlang OTP/R16B03)',
21 silly get     etag: '"AH3R355D7DHL5ZWOQK1QQJM0E"',
21 silly get     'content-type': 'application/json',
21 silly get     'content-encoding': 'gzip',
21 silly get     'cache-control': 'max-age=300',
21 silly get     'content-length': '10237',
21 silly get     'accept-ranges': 'bytes',
21 silly get     date: 'Tue, 16 Aug 2016 14:52:39 GMT',
21 silly get     via: '1.1 varnish',
21 silly get     age: '0',
21 silly get     connection: 'keep-alive',
21 silly get     'x-served-by': 'cache-gru7126-GRU',
21 silly get     'x-cache': 'MISS',
21 silly get     'x-cache-hits': '0',
21 silly get     'x-timer': 'S1471359159.703597,VS0,VE244',
21 silly get     vary: 'Accept-Encoding' } ]
22 verbose get saving odbc to C:\Users\Scott\AppData\Roaming\npm-cache\registry.npmjs.org\odbc\.cache.json
23 verbose correctMkdir C:\Users\Scott\AppData\Roaming\npm-cache correctMkdir not in flight; initializing
24 verbose makeDirectory C:\Users\Scott\AppData\Roaming\npm-cache creation not in flight; initializing
25 verbose makeCacheDir UID & GID are irrelevant on win32
26 silly install normalizeTree
27 silly loadCurrentTree Finishing
28 silly loadIdealTree Starting
29 silly install loadIdealTree
30 silly cloneCurrentTree Starting
31 silly install cloneCurrentTreeToIdealTree
32 silly cloneCurrentTree Finishing
33 silly loadShrinkwrap Starting
34 silly install loadShrinkwrap
35 silly loadShrinkwrap Finishing
36 silly loadAllDepsIntoIdealTree Starting
37 silly install loadAllDepsIntoIdealTree
38 silly resolveWithNewModule odbc@1.2.1 checking installable status
39 silly cache add args [ 'odbc@1.2.1', null ]
40 verbose cache add spec odbc@1.2.1
41 silly cache add parsed spec Result {
41 silly cache add   raw: 'odbc@1.2.1',
41 silly cache add   scope: null,
41 silly cache add   escapedName: 'odbc',
41 silly cache add   name: 'odbc',
41 silly cache add   rawSpec: '1.2.1',
41 silly cache add   spec: '1.2.1',
41 silly cache add   type: 'version' }
42 silly addNamed odbc@1.2.1
43 verbose addNamed "1.2.1" is a plain semver version for odbc
44 silly mapToRegistry name odbc
45 silly mapToRegistry using default registry
46 silly mapToRegistry registry https://registry.npmjs.org/
47 silly mapToRegistry data Result {
47 silly mapToRegistry   raw: 'odbc',
47 silly mapToRegistry   scope: null,
47 silly mapToRegistry   escapedName: 'odbc',
47 silly mapToRegistry   name: 'odbc',
47 silly mapToRegistry   rawSpec: '',
47 silly mapToRegistry   spec: 'latest',
47 silly mapToRegistry   type: 'tag' }
48 silly mapToRegistry uri https://registry.npmjs.org/odbc
49 verbose addNameVersion registry:https://registry.npmjs.org/odbc not in flight; fetching
50 verbose get https://registry.npmjs.org/odbc not expired, no request
51 silly mapToRegistry name odbc
52 silly mapToRegistry using default registry
53 silly mapToRegistry registry https://registry.npmjs.org/
54 silly mapToRegistry data Result {
54 silly mapToRegistry   raw: 'odbc',
54 silly mapToRegistry   scope: null,
54 silly mapToRegistry   escapedName: 'odbc',
54 silly mapToRegistry   name: 'odbc',
54 silly mapToRegistry   rawSpec: '',
54 silly mapToRegistry   spec: 'latest',
54 silly mapToRegistry   type: 'tag' }
55 silly mapToRegistry uri https://registry.npmjs.org/odbc
56 verbose addRemoteTarball https://registry.npmjs.org/odbc/-/odbc-1.2.1.tgz not in flight; adding
57 verbose addRemoteTarball [ 'https://registry.npmjs.org/odbc/-/odbc-1.2.1.tgz',
57 verbose addRemoteTarball   'e376846405f93b891b7e1f045c65c54c00b8929c' ]
58 info retry fetch attempt 1 at 10:52:39 AM
59 info attempt registry request try #1 at 10:52:39 AM
60 http fetch GET https://registry.npmjs.org/odbc/-/odbc-1.2.1.tgz
61 http fetch 200 https://registry.npmjs.org/odbc/-/odbc-1.2.1.tgz
62 silly fetchAndShaCheck shasum e376846405f93b891b7e1f045c65c54c00b8929c
63 verbose addTmpTarball C:\Users\Scott\AppData\Local\Temp\1\npm-45084-53f2e69f\registry.npmjs.org\odbc\-\odbc-1.2.1.tgz not in flight; adding
64 verbose addTmpTarball already have metadata; skipping unpack for odbc@1.2.1
65 verbose correctMkdir C:\Users\Scott\AppData\Roaming\npm-cache correctMkdir not in flight; initializing
66 silly cache afterAdd odbc@1.2.1
67 verbose afterAdd C:\Users\Scott\AppData\Roaming\npm-cache\odbc\1.2.1\package\package.json not in flight; writing
68 verbose correctMkdir C:\Users\Scott\AppData\Roaming\npm-cache correctMkdir not in flight; initializing
69 verbose afterAdd C:\Users\Scott\AppData\Roaming\npm-cache\odbc\1.2.1\package\package.json written
70 silly fetchNamedPackageData bindings
71 silly mapToRegistry name bindings
72 silly mapToRegistry using default registry
73 silly mapToRegistry registry https://registry.npmjs.org/
74 silly mapToRegistry data Result {
74 silly mapToRegistry   raw: 'bindings',
74 silly mapToRegistry   scope: null,
74 silly mapToRegistry   escapedName: 'bindings',
74 silly mapToRegistry   name: 'bindings',
74 silly mapToRegistry   rawSpec: '',
74 silly mapToRegistry   spec: 'latest',
74 silly mapToRegistry   type: 'tag' }
75 silly mapToRegistry uri https://registry.npmjs.org/bindings
76 verbose request uri https://registry.npmjs.org/bindings
77 verbose request no auth needed
78 info attempt registry request try #1 at 10:53:12 AM
79 http request GET https://registry.npmjs.org/bindings
80 http 200 https://registry.npmjs.org/bindings
81 verbose headers { server: 'CouchDB/1.5.0 (Erlang OTP/R16B03)',
81 verbose headers   etag: '"33TX4J3DNTGF7K41ZUV6OA182"',
81 verbose headers   'content-type': 'application/json',
81 verbose headers   'content-encoding': 'gzip',
81 verbose headers   'cache-control': 'max-age=300',
81 verbose headers   'content-length': '3804',
81 verbose headers   'accept-ranges': 'bytes',
81 verbose headers   date: 'Tue, 16 Aug 2016 14:53:14 GMT',
81 verbose headers   via: '1.1 varnish',
81 verbose headers   age: '188',
81 verbose headers   connection: 'keep-alive',
81 verbose headers   'x-served-by': 'cache-gru7126-GRU',
81 verbose headers   'x-cache': 'HIT',
81 verbose headers   'x-cache-hits': '2',
81 verbose headers   'x-timer': 'S1471359194.048680,VS0,VE0',
81 verbose headers   vary: 'Accept-Encoding' }
82 silly get cb [ 200,
82 silly get   { server: 'CouchDB/1.5.0 (Erlang OTP/R16B03)',
82 silly get     etag: '"33TX4J3DNTGF7K41ZUV6OA182"',
82 silly get     'content-type': 'application/json',
82 silly get     'content-encoding': 'gzip',
82 silly get     'cache-control': 'max-age=300',
82 silly get     'content-length': '3804',
82 silly get     'accept-ranges': 'bytes',
82 silly get     date: 'Tue, 16 Aug 2016 14:53:14 GMT',
82 silly get     via: '1.1 varnish',
82 silly get     age: '188',
82 silly get     connection: 'keep-alive',
82 silly get     'x-served-by': 'cache-gru7126-GRU',
82 silly get     'x-cache': 'HIT',
82 silly get     'x-cache-hits': '2',
82 silly get     'x-timer': 'S1471359194.048680,VS0,VE0',
82 silly get     vary: 'Accept-Encoding' } ]
83 verbose get saving bindings to C:\Users\Scott\AppData\Roaming\npm-cache\registry.npmjs.org\bindings\.cache.json
84 verbose correctMkdir C:\Users\Scott\AppData\Roaming\npm-cache correctMkdir not in flight; initializing
85 silly resolveWithNewModule bindings@1.2.1 checking installable status
86 silly cache add args [ 'bindings@^1.2.1', null ]
87 verbose cache add spec bindings@^1.2.1
88 silly cache add parsed spec Result {
88 silly cache add   raw: 'bindings@^1.2.1',
88 silly cache add   scope: null,
88 silly cache add   escapedName: 'bindings',
88 silly cache add   name: 'bindings',
88 silly cache add   rawSpec: '^1.2.1',
88 silly cache add   spec: '>=1.2.1 <2.0.0',
88 silly cache add   type: 'range' }
89 silly addNamed bindings@>=1.2.1 <2.0.0
90 verbose addNamed ">=1.2.1 <2.0.0" is a valid semver range for bindings
91 silly addNameRange { name: 'bindings', range: '>=1.2.1 <2.0.0', hasData: false }
92 silly mapToRegistry name bindings
93 silly mapToRegistry using default registry
94 silly mapToRegistry registry https://registry.npmjs.org/
95 silly mapToRegistry data Result {
95 silly mapToRegistry   raw: 'bindings',
95 silly mapToRegistry   scope: null,
95 silly mapToRegistry   escapedName: 'bindings',
95 silly mapToRegistry   name: 'bindings',
95 silly mapToRegistry   rawSpec: '',
95 silly mapToRegistry   spec: 'latest',
95 silly mapToRegistry   type: 'tag' }
96 silly mapToRegistry uri https://registry.npmjs.org/bindings
97 verbose addNameRange registry:https://registry.npmjs.org/bindings not in flight; fetching
98 verbose get https://registry.npmjs.org/bindings not expired, no request
99 silly addNameRange number 2 { name: 'bindings', range: '>=1.2.1 <2.0.0', hasData: true }
100 silly addNameRange versions [ 'bindings',
100 silly addNameRange   [ '0.0.1',
100 silly addNameRange     '0.1.0',
100 silly addNameRange     '0.1.1',
100 silly addNameRange     '0.2.0',
100 silly addNameRange     '0.2.1',
100 silly addNameRange     '0.2.2',
100 silly addNameRange     '0.2.3',
100 silly addNameRange     '0.2.4',
100 silly addNameRange     '0.3.0',
100 silly addNameRange     '0.4.0',
100 silly addNameRange     '1.0.0',
100 silly addNameRange     '1.1.0',
100 silly addNameRange     '1.1.1',
100 silly addNameRange     '1.2.0',
100 silly addNameRange     '1.2.1' ] ]
101 silly addNamed bindings@1.2.1
102 verbose addNamed "1.2.1" is a plain semver version for bindings
103 silly mapToRegistry name bindings
104 silly mapToRegistry using default registry
105 silly mapToRegistry registry https://registry.npmjs.org/
106 silly mapToRegistry data Result {
106 silly mapToRegistry   raw: 'bindings',
106 silly mapToRegistry   scope: null,
106 silly mapToRegistry   escapedName: 'bindings',
106 silly mapToRegistry   name: 'bindings',
106 silly mapToRegistry   rawSpec: '',
106 silly mapToRegistry   spec: 'latest',
106 silly mapToRegistry   type: 'tag' }
107 silly mapToRegistry uri https://registry.npmjs.org/bindings
108 verbose addRemoteTarball https://registry.npmjs.org/bindings/-/bindings-1.2.1.tgz not in flight; adding
109 verbose addRemoteTarball [ 'https://registry.npmjs.org/bindings/-/bindings-1.2.1.tgz',
109 verbose addRemoteTarball   '14ad6113812d2d37d72e67b4cacb4bb726505f11' ]
110 info retry fetch attempt 1 at 10:53:13 AM
111 info attempt registry request try #1 at 10:53:13 AM
112 http fetch GET https://registry.npmjs.org/bindings/-/bindings-1.2.1.tgz
113 http fetch 200 https://registry.npmjs.org/bindings/-/bindings-1.2.1.tgz
114 silly fetchAndShaCheck shasum 14ad6113812d2d37d72e67b4cacb4bb726505f11
115 verbose addTmpTarball C:\Users\Scott\AppData\Local\Temp\1\npm-45084-53f2e69f\registry.npmjs.org\bindings\-\bindings-1.2.1.tgz not in flight; adding
116 verbose addTmpTarball already have metadata; skipping unpack for bindings@1.2.1
117 verbose correctMkdir C:\Users\Scott\AppData\Roaming\npm-cache correctMkdir not in flight; initializing
118 silly cache afterAdd bindings@1.2.1
119 verbose afterAdd C:\Users\Scott\AppData\Roaming\npm-cache\bindings\1.2.1\package\package.json not in flight; writing
120 verbose correctMkdir C:\Users\Scott\AppData\Roaming\npm-cache correctMkdir not in flight; initializing
121 verbose afterAdd C:\Users\Scott\AppData\Roaming\npm-cache\bindings\1.2.1\package\package.json written
122 silly loadAllDepsIntoIdealTree Finishing
123 silly loadIdealTree Finishing
124 silly currentTree scanner
124 silly currentTree +-- abbrev@1.0.9
124 silly currentTree +-- accepts@1.1.4
124 silly currentTree | +-- mime-db@1.12.0
124 silly currentTree | `-- mime-types@2.0.14
124 silly currentTree +-- adler-32@0.4.0
124 silly currentTree +-- after@0.8.1
124 silly currentTree +-- ansi-regex@2.0.0
124 silly currentTree +-- ansi-styles@2.2.1
124 silly currentTree +-- aproba@1.0.4
124 silly currentTree +-- archiver@0.14.3
124 silly currentTree | +-- async@0.9.2
124 silly currentTree | +-- glob@4.3.5
124 silly currentTree | +-- isarray@0.0.1
124 silly currentTree | +-- lodash@3.2.0
124 silly currentTree | +-- minimatch@2.0.10
124 silly currentTree | `-- readable-stream@1.0.34
124 silly currentTree +-- are-we-there-yet@1.1.2
124 silly currentTree +-- arguments-extended@0.0.3
124 silly currentTree +-- array-extended@0.0.11
124 silly currentTree +-- array-index@1.0.0
124 silly currentTree +-- arraybuffer.slice@0.0.6
124 silly currentTree +-- asap@2.0.4
124 silly currentTree +-- asn1@0.2.3
124 silly currentTree +-- assert-plus@0.2.0
124 silly currentTree +-- async@1.5.2
124 silly currentTree +-- aws-sign2@0.6.0
124 silly currentTree +-- aws4@1.4.1
124 silly currentTree +-- backo2@1.0.2
124 silly currentTree +-- balanced-match@0.4.1
124 silly currentTree +-- base64-arraybuffer@0.1.2
124 silly currentTree +-- base64id@0.1.0
124 silly currentTree +-- benchmark@1.0.0
124 silly currentTree +-- better-assert@1.0.2
124 silly currentTree +-- binary@0.3.0
124 silly currentTree +-- bindings@1.0.0
124 silly currentTree +-- bl@1.1.2
124 silly currentTree +-- blob@0.0.4
124 silly currentTree +-- block-stream@0.0.9
124 silly currentTree +-- bluebird@3.4.1
124 silly currentTree +-- boom@2.10.1
124 silly currentTree +-- bowser@1.3.0
124 silly currentTree +-- brace-expansion@1.1.5
124 silly currentTree +-- buffer-crc32@0.2.5
124 silly currentTree +-- buffers@0.1.1
124 silly currentTree +-- callsite@1.0.0
124 silly currentTree +-- caseless@0.11.0
124 silly currentTree +-- cfb@0.10.3
124 silly currentTree +-- chainsaw@0.1.0
124 silly currentTree +-- chalk@1.1.3
124 silly currentTree +-- classnames@2.2.5
124 silly currentTree +-- code-point-at@1.0.0
124 silly currentTree +-- codepage@1.4.0
124 silly currentTree +-- colors@0.6.2
124 silly currentTree +-- combined-stream@1.0.5
124 silly currentTree +-- commander@2.9.0
124 silly currentTree +-- component-bind@1.0.0
124 silly currentTree +-- component-emitter@1.1.2
124 silly currentTree +-- component-inherit@0.0.3
124 silly currentTree +-- compress-commons@0.2.9
124 silly currentTree | +-- isarray@0.0.1
124 silly currentTree | `-- readable-stream@1.0.34
124 silly currentTree +-- concat-map@0.0.1
124 silly currentTree +-- concat-stream@1.5.1
124 silly currentTree +-- console-control-strings@1.1.0
124 silly currentTree +-- core-js@1.2.6
124 silly currentTree +-- core-util-is@1.0.2
124 silly currentTree +-- crc-32@0.4.1
124 silly currentTree +-- crc32-stream@0.3.4
124 silly currentTree | +-- isarray@0.0.1
124 silly currentTree | `-- readable-stream@1.0.34
124 silly currentTree +-- cryptiles@2.0.5
124 silly currentTree +-- csv-generate@0.0.6
124 silly currentTree +-- csv-parse@1.1.4
124 silly currentTree +-- csv-sniffer@0.0.4
124 silly currentTree +-- csv-stringify@0.0.8
124 silly currentTree +-- csv@0.4.6
124 silly currentTree +-- csvrow@0.1.0
124 silly currentTree +-- d@0.1.1
124 silly currentTree +-- dashdash@1.14.0
124 silly currentTree | `-- assert-plus@1.0.0
124 silly currentTree +-- date-extended@0.0.6
124 silly currentTree +-- debug@2.2.0
124 silly currentTree +-- declare.js@0.0.8
124 silly currentTree +-- deep-equal@1.0.1
124 silly currentTree +-- delayed-stream@1.0.0
124 silly currentTree +-- delegates@1.0.0
124 silly currentTree +-- ecc-jsbn@0.1.1
124 silly currentTree +-- encoding@0.1.12
124 silly currentTree +-- end-of-stream@1.1.0
124 silly currentTree +-- engine.io-client@1.6.11
124 silly currentTree | `-- ws@1.0.1
124 silly currentTree +-- engine.io-parser@1.2.4
124 silly currentTree | +-- has-binary@0.1.6
124 silly currentTree | `-- isarray@0.0.1
124 silly currentTree +-- engine.io@1.6.11
124 silly currentTree +-- es5-ext@0.10.11
124 silly currentTree | `-- es6-symbol@3.0.2
124 silly currentTree +-- es6-iterator@2.0.0
124 silly currentTree +-- es6-symbol@3.1.0
124 silly currentTree +-- escape-string-regexp@1.0.5
124 silly currentTree +-- exceljs@0.2.10
124 silly currentTree | `-- underscore@1.4.4
124 silly currentTree +-- exit-on-epipe@0.0.1
124 silly currentTree +-- extend@3.0.0
124 silly currentTree +-- extended@0.0.6
124 silly currentTree +-- extender@0.0.10
124 silly currentTree +-- extsprintf@1.0.2
124 silly currentTree +-- fast-csv@0.5.7
124 silly currentTree +-- fbjs@0.8.3
124 silly currentTree +-- find-java-home@0.1.2
124 silly currentTree +-- flushwritable@1.0.0
124 silly currentTree +-- forever-agent@0.6.1
124 silly currentTree +-- form-data@1.0.0-rc4
124 silly currentTree +-- frac@0.3.1
124 silly currentTree +-- fs.realpath@1.0.0
124 silly currentTree +-- fstream@1.0.10
124 silly currentTree +-- gauge@2.6.0
124 silly currentTree +-- generate-function@2.0.0
124 silly currentTree +-- generate-object-property@1.2.0
124 silly currentTree +-- getpass@0.1.6
124 silly currentTree | `-- assert-plus@1.0.0
124 silly currentTree +-- glob@7.0.5
124 silly currentTree +-- graceful-fs@4.1.5
124 silly currentTree +-- graceful-readlink@1.0.1
124 silly currentTree +-- har-validator@2.0.6
124 silly currentTree +-- has-ansi@2.0.0
124 silly currentTree +-- has-binary@0.1.7
124 silly currentTree | `-- isarray@0.0.1
124 silly currentTree +-- has-color@0.1.7
124 silly currentTree +-- has-cors@1.1.0
124 silly currentTree +-- has-unicode@2.0.1
124 silly currentTree +-- hawk@3.1.3
124 silly currentTree +-- history@3.0.0
124 silly currentTree +-- hoek@2.16.3
124 silly currentTree +-- hoist-non-react-statics@1.2.0
124 silly currentTree +-- http-signature@1.1.1
124 silly currentTree +-- ibm_db@0.0.14
124 silly currentTree | `-- nan@1.8.4
124 silly currentTree +-- iconv-lite@0.4.13
124 silly currentTree +-- immutable@3.8.1
124 silly currentTree +-- indexof@0.0.1
124 silly currentTree +-- inflight@1.0.5
124 silly currentTree +-- inherits@2.0.1
124 silly currentTree +-- inline-style-prefix-all@2.0.2
124 silly currentTree +-- inline-style-prefixer@1.0.4
124 silly currentTree +-- invariant@2.2.1
124 silly currentTree +-- is-extended@0.0.10
124 silly currentTree +-- is-fullwidth-code-point@1.0.0
124 silly currentTree +-- is-my-json-valid@2.13.1
124 silly currentTree +-- is-property@1.0.2
124 silly currentTree +-- is-stream@1.1.0
124 silly currentTree +-- is-typedarray@1.0.0
124 silly currentTree +-- isarray@1.0.0
124 silly currentTree +-- isomorphic-fetch@2.2.1
124 silly currentTree +-- isstream@0.1.2
124 silly currentTree +-- java@0.7.2
124 silly currentTree | +-- glob@7.0.3
124 silly currentTree | +-- lodash@4.11.1
124 silly currentTree | `-- nan@2.3.2
124 silly currentTree +-- jodid25519@1.0.2
124 silly currentTree +-- jquery-confirm@1.5.1
124 silly currentTree +-- js-tokens@1.0.3
124 silly currentTree +-- jsbn@0.1.0
124 silly currentTree +-- json-schema@0.2.2
124 silly currentTree +-- json-stringify-safe@5.0.1
124 silly currentTree +-- json3@3.2.6
124 silly currentTree +-- jsonparse@1.2.0
124 silly currentTree +-- jsonpointer@2.0.0
124 silly currentTree +-- JSONStream@1.0.7
124 silly currentTree +-- jsprim@1.3.0
124 silly currentTree +-- jszip@2.4.0
124 silly currentTree +-- jt400@0.1.1
124 silly currentTree | +-- async@0.9.0
124 silly currentTree | +-- glob@5.0.5
124 silly currentTree | +-- java@0.6.1
124 silly currentTree | +-- lodash@3.7.0
124 silly currentTree | +-- minimatch@2.0.10
124 silly currentTree | `-- nan@2.0.9
124 silly currentTree +-- keycode@2.1.2
124 silly currentTree +-- keypress@0.1.0
124 silly currentTree +-- lazystream@0.1.0
124 silly currentTree | +-- isarray@0.0.1
124 silly currentTree | `-- readable-stream@1.0.34
124 silly currentTree +-- lodash@4.13.1
124 silly currentTree +-- loose-envify@1.2.0
124 silly currentTree +-- match-stream@0.0.2
124 silly currentTree | +-- isarray@0.0.1
124 silly currentTree | `-- readable-stream@1.0.34
124 silly currentTree +-- material-ui@0.15.1
124 silly currentTree +-- meteor-node-stubs@0.2.3
124 silly currentTree | +-- assert@1.3.0
124 silly currentTree | +-- browserify-zlib@0.1.4
124 silly currentTree | | `-- pako@0.2.8
124 silly currentTree | +-- buffer@4.5.1
124 silly currentTree | | +-- base64-js@1.1.2
124 silly currentTree | | +-- ieee754@1.1.6
124 silly currentTree | | `-- isarray@1.0.0
124 silly currentTree | +-- console-browserify@1.1.0
124 silly currentTree | | `-- date-now@0.1.4
124 silly currentTree | +-- constants-browserify@1.0.0
124 silly currentTree | +-- crypto-browserify@3.11.0
124 silly currentTree | | +-- browserify-cipher@1.0.0
124 silly currentTree | | | +-- browserify-aes@1.0.6
124 silly currentTree | | | | +-- buffer-xor@1.0.3
124 silly currentTree | | | | `-- cipher-base@1.0.2
124 silly currentTree | | | +-- browserify-des@1.0.0
124 silly currentTree | | | | +-- cipher-base@1.0.2
124 silly currentTree | | | | `-- des.js@1.0.0
124 silly currentTree | | | |   `-- minimalistic-assert@1.0.0
124 silly currentTree | | | `-- evp_bytestokey@1.0.0
124 silly currentTree | | +-- browserify-sign@4.0.0
124 silly currentTree | | | +-- bn.js@4.11.1
124 silly currentTree | | | +-- browserify-rsa@4.0.1
124 silly currentTree | | | +-- elliptic@6.2.3
124 silly currentTree | | | | +-- brorand@1.0.5
124 silly currentTree | | | | `-- hash.js@1.0.3
124 silly currentTree | | | `-- parse-asn1@5.0.0
124 silly currentTree | | |   +-- asn1.js@4.5.2
124 silly currentTree | | |   | `-- minimalistic-assert@1.0.0
124 silly currentTree | | |   +-- browserify-aes@1.0.6
124 silly currentTree | | |   | +-- buffer-xor@1.0.3
124 silly currentTree | | |   | `-- cipher-base@1.0.2
124 silly currentTree | | |   `-- evp_bytestokey@1.0.0
124 silly currentTree | | +-- create-ecdh@4.0.0
124 silly currentTree | | | +-- bn.js@4.11.1
124 silly currentTree | | | `-- elliptic@6.2.3
124 silly currentTree | | |   +-- brorand@1.0.5
124 silly currentTree | | |   `-- hash.js@1.0.3
124 silly currentTree | | +-- create-hash@1.1.2
124 silly currentTree | | | +-- cipher-base@1.0.2
124 silly currentTree | | | +-- ripemd160@1.0.1
124 silly currentTree | | | `-- sha.js@2.4.5
124 silly currentTree | | +-- create-hmac@1.1.4
124 silly currentTree | | +-- diffie-hellman@5.0.2
124 silly currentTree | | | +-- bn.js@4.11.1
124 silly currentTree | | | `-- miller-rabin@4.0.0
124 silly currentTree | | |   `-- brorand@1.0.5
124 silly currentTree | | +-- inherits@2.0.1
124 silly currentTree | | +-- pbkdf2@3.0.4
124 silly currentTree | | +-- public-encrypt@4.0.0
124 silly currentTree | | | +-- bn.js@4.11.1
124 silly currentTree | | | +-- browserify-rsa@4.0.1
124 silly currentTree | | | `-- parse-asn1@5.0.0
124 silly currentTree | | |   +-- asn1.js@4.5.2
124 silly currentTree | | |   | `-- minimalistic-assert@1.0.0
124 silly currentTree | | |   +-- browserify-aes@1.0.6
124 silly currentTree | | |   | +-- buffer-xor@1.0.3
124 silly currentTree | | |   | `-- cipher-base@1.0.2
124 silly currentTree | | |   `-- evp_bytestokey@1.0.0
124 silly currentTree | | `-- randombytes@2.0.3
124 silly currentTree | +-- domain-browser@1.1.7
124 silly currentTree | +-- events@1.1.0
124 silly currentTree | +-- http-browserify@1.7.0
124 silly currentTree | | +-- Base64@0.2.1
124 silly currentTree | | `-- inherits@2.0.1
124 silly currentTree | +-- https-browserify@0.0.1
124 silly currentTree | +-- os-browserify@0.2.1
124 silly currentTree | +-- path-browserify@0.0.0
124 silly currentTree | +-- process@0.11.2
124 silly currentTree | +-- punycode@1.4.1
124 silly currentTree | +-- querystring-es3@0.2.1
124 silly currentTree | +-- readable-stream@2.0.6
124 silly currentTree | | +-- core-util-is@1.0.2
124 silly currentTree | | +-- inherits@2.0.1
124 silly currentTree | | +-- isarray@1.0.0
124 silly currentTree | | +-- process-nextick-args@1.0.6
124 silly currentTree | | `-- util-deprecate@1.0.2
124 silly currentTree | +-- stream-browserify@2.0.1
124 silly currentTree | | `-- inherits@2.0.1
124 silly currentTree | +-- string_decoder@0.10.31
124 silly currentTree | +-- timers-browserify@1.4.2
124 silly currentTree | +-- tty-browserify@0.0.0
124 silly currentTree | +-- url@0.11.0
124 silly currentTree | | +-- punycode@1.3.2
124 silly currentTree | | `-- querystring@0.2.0
124 silly currentTree | +-- util@0.10.3
124 silly currentTree | | `-- inherits@2.0.1
124 silly currentTree | `-- vm-browserify@0.0.4
124 silly currentTree |   `-- indexof@0.0.1
124 silly currentTree +-- mime-db@1.23.0
124 silly currentTree +-- mime-types@2.1.11
124 silly currentTree +-- mime@1.3.4
124 silly currentTree +-- minimatch@3.0.2
124 silly currentTree +-- minimist@0.0.8
124 silly currentTree +-- mkdirp@0.5.1
124 silly currentTree +-- mmmagic@0.4.4
124 silly currentTree +-- moment@2.11.2
124 silly currentTree +-- mongo-xlsx@1.0.12
124 silly currentTree +-- ms@0.7.1
124 silly currentTree +-- nan@2.2.1
124 silly currentTree +-- negotiator@0.4.9
124 silly currentTree +-- node-fetch@1.5.3
124 silly currentTree +-- node-int64@0.3.3
124 silly currentTree +-- node-jt400@1.0.1
124 silly currentTree | +-- async@0.9.0
124 silly currentTree | +-- glob@5.0.5
124 silly currentTree | +-- java@0.6.0
124 silly currentTree | +-- lodash@3.7.0
124 silly currentTree | +-- minimatch@2.0.10
124 silly currentTree | `-- nan@2.0.9
124 silly currentTree +-- node-usb-barcode-scanner@1.0.1
124 silly currentTree | +-- node-hid@0.4.1
124 silly currentTree | | `-- nan@2.3.2
124 silly currentTree | `-- underscore@1.8.3
124 silly currentTree +-- node-uuid@1.4.7
124 silly currentTree +-- node-xlsx@0.7.1
124 silly currentTree +-- nopt@3.0.6
124 silly currentTree +-- npmlog@3.1.2
124 silly currentTree +-- number-is-nan@1.0.0
124 silly currentTree +-- oauth-sign@0.8.2
124 silly currentTree +-- object-assign@4.1.0
124 silly currentTree +-- object-component@0.0.3
124 silly currentTree +-- object-extended@0.0.7
124 silly currentTree +-- once@1.3.3
124 silly currentTree +-- options@0.0.6
124 silly currentTree +-- os-homedir@1.0.1
124 silly currentTree +-- os-tmpdir@1.0.1
124 silly currentTree +-- osenv@0.1.3
124 silly currentTree +-- over@0.0.5
124 silly currentTree +-- pako@0.2.8
124 silly currentTree +-- parsejson@0.0.1
124 silly currentTree +-- parseqs@0.0.2
124 silly currentTree +-- parseuri@0.0.4
124 silly currentTree +-- path-array@1.0.1
124 silly currentTree +-- path-is-absolute@1.0.0
124 silly currentTree +-- pinkie-promise@2.0.1
124 silly currentTree +-- pinkie@2.0.4
124 silly currentTree +-- process-nextick-args@1.0.7
124 silly currentTree +-- promise@7.1.1
124 silly currentTree +-- pullstream@0.4.1
124 silly currentTree | +-- isarray@0.0.1
124 silly currentTree | `-- readable-stream@1.0.34
124 silly currentTree +-- q@1.4.1
124 silly currentTree +-- qs@6.1.0
124 silly currentTree +-- query-string@4.2.2
124 silly currentTree +-- react-addons-create-fragment@15.1.0
124 silly currentTree +-- react-addons-css-transition-group@15.1.0
124 silly currentTree +-- react-addons-linked-state-mixin@15.1.0
124 silly currentTree +-- react-addons-perf@15.1.0
124 silly currentTree +-- react-addons-pure-render-mixin@15.1.0
124 silly currentTree +-- react-addons-test-utils@15.1.0
124 silly currentTree +-- react-addons-transition-group@15.1.0
124 silly currentTree +-- react-addons-update@15.1.0
124 silly currentTree +-- react-addons@0.9.1-deprecated
124 silly currentTree +-- react-dom@15.1.0
124 silly currentTree +-- react-event-listener@0.2.1
124 silly currentTree +-- react-router@2.5.1
124 silly currentTree | +-- history@2.1.2
124 silly currentTree | `-- query-string@3.0.3
124 silly currentTree +-- react-tap-event-plugin@1.0.0
124 silly currentTree | +-- fbjs@0.2.1
124 silly currentTree | `-- whatwg-fetch@0.9.0
124 silly currentTree +-- react@15.1.0
124 silly currentTree +-- readable-stream@2.0.6
124 silly currentTree +-- recompose@0.19.0
124 silly currentTree +-- request@2.72.0
124 silly currentTree +-- rimraf@2.5.2
124 silly currentTree +-- sax@0.6.1
124 silly currentTree +-- semver@5.2.0
124 silly currentTree +-- set-blocking@2.0.0
124 silly currentTree +-- setimmediate@1.0.4
124 silly currentTree +-- signal-exit@3.0.0
124 silly currentTree +-- simple-assign@0.1.0
124 silly currentTree +-- simpledb-php@1.1.0
124 silly currentTree +-- slice-stream@1.0.0
124 silly currentTree | +-- isarray@0.0.1
124 silly currentTree | `-- readable-stream@1.0.34
124 silly currentTree +-- sntp@1.0.9
124 silly currentTree +-- socket.io-adapter@0.4.0
124 silly currentTree | +-- isarray@0.0.1
124 silly currentTree | `-- socket.io-parser@2.2.2
124 silly currentTree |   `-- debug@0.7.4
124 silly currentTree +-- socket.io-client@1.4.8
124 silly currentTree | `-- component-emitter@1.2.0
124 silly currentTree +-- socket.io-parser@2.2.6
124 silly currentTree | +-- isarray@0.0.1
124 silly currentTree | `-- json3@3.3.2
124 silly currentTree +-- socket.io@1.4.8
124 silly currentTree +-- srv-to-csv@0.2.0
124 silly currentTree +-- ssf@0.8.2
124 silly currentTree +-- sshpk@1.8.3
124 silly currentTree | `-- assert-plus@1.0.0
124 silly currentTree +-- stream-transform@0.1.1
124 silly currentTree +-- strict-uri-encode@1.1.0
124 silly currentTree +-- string_decoder@0.10.31
124 silly currentTree +-- string-extended@0.0.8
124 silly currentTree +-- string-width@1.0.1
124 silly currentTree +-- string@3.3.1
124 silly currentTree +-- stringstream@0.0.5
124 silly currentTree +-- strip-ansi@3.0.1
124 silly currentTree +-- supports-color@2.0.0
124 silly currentTree +-- tar-stream@1.1.5
124 silly currentTree | +-- bl@0.9.5
124 silly currentTree | +-- isarray@0.0.1
124 silly currentTree | `-- readable-stream@1.0.34
124 silly currentTree +-- tar.gz@0.1.1
124 silly currentTree | +-- commander@1.1.1
124 silly currentTree | +-- fstream@0.1.31
124 silly currentTree | `-- graceful-fs@3.0.9
124 silly currentTree +-- tar@0.1.20
124 silly currentTree | +-- fstream@0.1.31
124 silly currentTree | `-- graceful-fs@3.0.9
124 silly currentTree +-- through@2.3.8
124 silly currentTree +-- to-array@0.1.4
124 silly currentTree +-- to-csv@0.1.1
124 silly currentTree +-- tough-cookie@2.2.2
124 silly currentTree +-- traverse@0.3.9
124 silly currentTree +-- tunnel-agent@0.4.3
124 silly currentTree +-- tweetnacl@0.13.3
124 silly currentTree +-- typedarray@0.0.6
124 silly currentTree +-- ua-parser-js@0.7.10
124 silly currentTree +-- ultron@1.0.2
124 silly currentTree +-- underscore@1.6.0
124 silly currentTree +-- unzip@0.1.11
124 silly currentTree | +-- fstream@0.1.31
124 silly currentTree | +-- graceful-fs@3.0.9
124 silly currentTree | +-- isarray@0.0.1
124 silly currentTree | `-- readable-stream@1.0.34
124 silly currentTree +-- unzip2@0.2.5
124 silly currentTree | +-- fstream@0.1.31
124 silly currentTree | +-- graceful-fs@3.0.8
124 silly currentTree | +-- isarray@0.0.1
124 silly currentTree | `-- readable-stream@1.0.34
124 silly currentTree +-- utf8@2.1.0
124 silly currentTree +-- util-deprecate@1.0.2
124 silly currentTree +-- verror@1.3.6
124 silly currentTree +-- voc@0.5.0
124 silly currentTree +-- warning@2.1.0
124 silly currentTree +-- whatwg-fetch@1.0.0
124 silly currentTree +-- which@1.0.9
124 silly currentTree +-- wide-align@1.1.0
124 silly currentTree +-- wrappy@1.0.2
124 silly currentTree +-- ws@1.1.0
124 silly currentTree +-- xlsx@0.8.0
124 silly currentTree | `-- codepage@1.3.8
124 silly currentTree +-- xmlhttprequest-ssl@1.5.1
124 silly currentTree +-- xtend@4.0.1
124 silly currentTree +-- yeast@0.1.2
124 silly currentTree `-- zip-stream@0.5.2
124 silly currentTree   +-- isarray@0.0.1
124 silly currentTree   +-- lodash@3.2.0
124 silly currentTree   `-- readable-stream@1.0.34
125 silly idealTree scanner
125 silly idealTree +-- abbrev@1.0.9
125 silly idealTree +-- accepts@1.1.4
125 silly idealTree | +-- mime-db@1.12.0
125 silly idealTree | `-- mime-types@2.0.14
125 silly idealTree +-- adler-32@0.4.0
125 silly idealTree +-- after@0.8.1
125 silly idealTree +-- ansi-regex@2.0.0
125 silly idealTree +-- ansi-styles@2.2.1
125 silly idealTree +-- aproba@1.0.4
125 silly idealTree +-- archiver@0.14.3
125 silly idealTree | +-- async@0.9.2
125 silly idealTree | +-- glob@4.3.5
125 silly idealTree | +-- isarray@0.0.1
125 silly idealTree | +-- lodash@3.2.0
125 silly idealTree | +-- minimatch@2.0.10
125 silly idealTree | `-- readable-stream@1.0.34
125 silly idealTree +-- are-we-there-yet@1.1.2
125 silly idealTree +-- arguments-extended@0.0.3
125 silly idealTree +-- array-extended@0.0.11
125 silly idealTree +-- array-index@1.0.0
125 silly idealTree +-- arraybuffer.slice@0.0.6
125 silly idealTree +-- asap@2.0.4
125 silly idealTree +-- asn1@0.2.3
125 silly idealTree +-- assert-plus@0.2.0
125 silly idealTree +-- async@1.5.2
125 silly idealTree +-- aws-sign2@0.6.0
125 silly idealTree +-- aws4@1.4.1
125 silly idealTree +-- backo2@1.0.2
125 silly idealTree +-- balanced-match@0.4.1
125 silly idealTree +-- base64-arraybuffer@0.1.2
125 silly idealTree +-- base64id@0.1.0
125 silly idealTree +-- benchmark@1.0.0
125 silly idealTree +-- better-assert@1.0.2
125 silly idealTree +-- binary@0.3.0
125 silly idealTree +-- bindings@1.0.0
125 silly idealTree +-- bl@1.1.2
125 silly idealTree +-- blob@0.0.4
125 silly idealTree +-- block-stream@0.0.9
125 silly idealTree +-- bluebird@3.4.1
125 silly idealTree +-- boom@2.10.1
125 silly idealTree +-- bowser@1.3.0
125 silly idealTree +-- brace-expansion@1.1.5
125 silly idealTree +-- buffer-crc32@0.2.5
125 silly idealTree +-- buffers@0.1.1
125 silly idealTree +-- callsite@1.0.0
125 silly idealTree +-- caseless@0.11.0
125 silly idealTree +-- cfb@0.10.3
125 silly idealTree +-- chainsaw@0.1.0
125 silly idealTree +-- chalk@1.1.3
125 silly idealTree +-- classnames@2.2.5
125 silly idealTree +-- code-point-at@1.0.0
125 silly idealTree +-- codepage@1.4.0
125 silly idealTree +-- colors@0.6.2
125 silly idealTree +-- combined-stream@1.0.5
125 silly idealTree +-- commander@2.9.0
125 silly idealTree +-- component-bind@1.0.0
125 silly idealTree +-- component-emitter@1.1.2
125 silly idealTree +-- component-inherit@0.0.3
125 silly idealTree +-- compress-commons@0.2.9
125 silly idealTree | +-- isarray@0.0.1
125 silly idealTree | `-- readable-stream@1.0.34
125 silly idealTree +-- concat-map@0.0.1
125 silly idealTree +-- concat-stream@1.5.1
125 silly idealTree +-- console-control-strings@1.1.0
125 silly idealTree +-- core-js@1.2.6
125 silly idealTree +-- core-util-is@1.0.2
125 silly idealTree +-- crc-32@0.4.1
125 silly idealTree +-- crc32-stream@0.3.4
125 silly idealTree | +-- isarray@0.0.1
125 silly idealTree | `-- readable-stream@1.0.34
125 silly idealTree +-- cryptiles@2.0.5
125 silly idealTree +-- csv-generate@0.0.6
125 silly idealTree +-- csv-parse@1.1.4
125 silly idealTree +-- csv-sniffer@0.0.4
125 silly idealTree +-- csv-stringify@0.0.8
125 silly idealTree +-- csv@0.4.6
125 silly idealTree +-- csvrow@0.1.0
125 silly idealTree +-- d@0.1.1
125 silly idealTree +-- dashdash@1.14.0
125 silly idealTree | `-- assert-plus@1.0.0
125 silly idealTree +-- date-extended@0.0.6
125 silly idealTree +-- debug@2.2.0
125 silly idealTree +-- declare.js@0.0.8
125 silly idealTree +-- deep-equal@1.0.1
125 silly idealTree +-- delayed-stream@1.0.0
125 silly idealTree +-- delegates@1.0.0
125 silly idealTree +-- ecc-jsbn@0.1.1
125 silly idealTree +-- encoding@0.1.12
125 silly idealTree +-- end-of-stream@1.1.0
125 silly idealTree +-- engine.io-client@1.6.11
125 silly idealTree | `-- ws@1.0.1
125 silly idealTree +-- engine.io-parser@1.2.4
125 silly idealTree | +-- has-binary@0.1.6
125 silly idealTree | `-- isarray@0.0.1
125 silly idealTree +-- engine.io@1.6.11
125 silly idealTree +-- es5-ext@0.10.11
125 silly idealTree | `-- es6-symbol@3.0.2
125 silly idealTree +-- es6-iterator@2.0.0
125 silly idealTree +-- es6-symbol@3.1.0
125 silly idealTree +-- escape-string-regexp@1.0.5
125 silly idealTree +-- exceljs@0.2.10
125 silly idealTree | `-- underscore@1.4.4
125 silly idealTree +-- exit-on-epipe@0.0.1
125 silly idealTree +-- extend@3.0.0
125 silly idealTree +-- extended@0.0.6
125 silly idealTree +-- extender@0.0.10
125 silly idealTree +-- extsprintf@1.0.2
125 silly idealTree +-- fast-csv@0.5.7
125 silly idealTree +-- fbjs@0.8.3
125 silly idealTree +-- find-java-home@0.1.2
125 silly idealTree +-- flushwritable@1.0.0
125 silly idealTree +-- forever-agent@0.6.1
125 silly idealTree +-- form-data@1.0.0-rc4
125 silly idealTree +-- frac@0.3.1
125 silly idealTree +-- fs.realpath@1.0.0
125 silly idealTree +-- fstream@1.0.10
125 silly idealTree +-- gauge@2.6.0
125 silly idealTree +-- generate-function@2.0.0
125 silly idealTree +-- generate-object-property@1.2.0
125 silly idealTree +-- getpass@0.1.6
125 silly idealTree | `-- assert-plus@1.0.0
125 silly idealTree +-- glob@7.0.5
125 silly idealTree +-- graceful-fs@4.1.5
125 silly idealTree +-- graceful-readlink@1.0.1
125 silly idealTree +-- har-validator@2.0.6
125 silly idealTree +-- has-ansi@2.0.0
125 silly idealTree +-- has-binary@0.1.7
125 silly idealTree | `-- isarray@0.0.1
125 silly idealTree +-- has-color@0.1.7
125 silly idealTree +-- has-cors@1.1.0
125 silly idealTree +-- has-unicode@2.0.1
125 silly idealTree +-- hawk@3.1.3
125 silly idealTree +-- history@3.0.0
125 silly idealTree +-- hoek@2.16.3
125 silly idealTree +-- hoist-non-react-statics@1.2.0
125 silly idealTree +-- http-signature@1.1.1
125 silly idealTree +-- ibm_db@0.0.14
125 silly idealTree | `-- nan@1.8.4
125 silly idealTree +-- iconv-lite@0.4.13
125 silly idealTree +-- immutable@3.8.1
125 silly idealTree +-- indexof@0.0.1
125 silly idealTree +-- inflight@1.0.5
125 silly idealTree +-- inherits@2.0.1
125 silly idealTree +-- inline-style-prefix-all@2.0.2
125 silly idealTree +-- inline-style-prefixer@1.0.4
125 silly idealTree +-- invariant@2.2.1
125 silly idealTree +-- is-extended@0.0.10
125 silly idealTree +-- is-fullwidth-code-point@1.0.0
125 silly idealTree +-- is-my-json-valid@2.13.1
125 silly idealTree +-- is-property@1.0.2
125 silly idealTree +-- is-stream@1.1.0
125 silly idealTree +-- is-typedarray@1.0.0
125 silly idealTree +-- isarray@1.0.0
125 silly idealTree +-- isomorphic-fetch@2.2.1
125 silly idealTree +-- isstream@0.1.2
125 silly idealTree +-- java@0.7.2
125 silly idealTree | +-- glob@7.0.3
125 silly idealTree | +-- lodash@4.11.1
125 silly idealTree | `-- nan@2.3.2
125 silly idealTree +-- jodid25519@1.0.2
125 silly idealTree +-- jquery-confirm@1.5.1
125 silly idealTree +-- js-tokens@1.0.3
125 silly idealTree +-- jsbn@0.1.0
125 silly idealTree +-- json-schema@0.2.2
125 silly idealTree +-- json-stringify-safe@5.0.1
125 silly idealTree +-- json3@3.2.6
125 silly idealTree +-- jsonparse@1.2.0
125 silly idealTree +-- jsonpointer@2.0.0
125 silly idealTree +-- JSONStream@1.0.7
125 silly idealTree +-- jsprim@1.3.0
125 silly idealTree +-- jszip@2.4.0
125 silly idealTree +-- jt400@0.1.1
125 silly idealTree | +-- async@0.9.0
125 silly idealTree | +-- glob@5.0.5
125 silly idealTree | +-- java@0.6.1
125 silly idealTree | +-- lodash@3.7.0
125 silly idealTree | +-- minimatch@2.0.10
125 silly idealTree | `-- nan@2.0.9
125 silly idealTree +-- keycode@2.1.2
125 silly idealTree +-- keypress@0.1.0
125 silly idealTree +-- lazystream@0.1.0
125 silly idealTree | +-- isarray@0.0.1
125 silly idealTree | `-- readable-stream@1.0.34
125 silly idealTree +-- lodash@4.13.1
125 silly idealTree +-- loose-envify@1.2.0
125 silly idealTree +-- match-stream@0.0.2
125 silly idealTree | +-- isarray@0.0.1
125 silly idealTree | `-- readable-stream@1.0.34
125 silly idealTree +-- material-ui@0.15.1
125 silly idealTree +-- meteor-node-stubs@0.2.3
125 silly idealTree | +-- assert@1.3.0
125 silly idealTree | +-- browserify-zlib@0.1.4
125 silly idealTree | | `-- pako@0.2.8
125 silly idealTree | +-- buffer@4.5.1
125 silly idealTree | | +-- base64-js@1.1.2
125 silly idealTree | | +-- ieee754@1.1.6
125 silly idealTree | | `-- isarray@1.0.0
125 silly idealTree | +-- console-browserify@1.1.0
125 silly idealTree | | `-- date-now@0.1.4
125 silly idealTree | +-- constants-browserify@1.0.0
125 silly idealTree | +-- crypto-browserify@3.11.0
125 silly idealTree | | +-- browserify-cipher@1.0.0
125 silly idealTree | | | +-- browserify-aes@1.0.6
125 silly idealTree | | | | +-- buffer-xor@1.0.3
125 silly idealTree | | | | `-- cipher-base@1.0.2
125 silly idealTree | | | +-- browserify-des@1.0.0
125 silly idealTree | | | | +-- cipher-base@1.0.2
125 silly idealTree | | | | `-- des.js@1.0.0
125 silly idealTree | | | |   `-- minimalistic-assert@1.0.0
125 silly idealTree | | | `-- evp_bytestokey@1.0.0
125 silly idealTree | | +-- browserify-sign@4.0.0
125 silly idealTree | | | +-- bn.js@4.11.1
125 silly idealTree | | | +-- browserify-rsa@4.0.1
125 silly idealTree | | | +-- elliptic@6.2.3
125 silly idealTree | | | | +-- brorand@1.0.5
125 silly idealTree | | | | `-- hash.js@1.0.3
125 silly idealTree | | | `-- parse-asn1@5.0.0
125 silly idealTree | | |   +-- asn1.js@4.5.2
125 silly idealTree | | |   | `-- minimalistic-assert@1.0.0
125 silly idealTree | | |   +-- browserify-aes@1.0.6
125 silly idealTree | | |   | +-- buffer-xor@1.0.3
125 silly idealTree | | |   | `-- cipher-base@1.0.2
125 silly idealTree | | |   `-- evp_bytestokey@1.0.0
125 silly idealTree | | +-- create-ecdh@4.0.0
125 silly idealTree | | | +-- bn.js@4.11.1
125 silly idealTree | | | `-- elliptic@6.2.3
125 silly idealTree | | |   +-- brorand@1.0.5
125 silly idealTree | | |   `-- hash.js@1.0.3
125 silly idealTree | | +-- create-hash@1.1.2
125 silly idealTree | | | +-- cipher-base@1.0.2
125 silly idealTree | | | +-- ripemd160@1.0.1
125 silly idealTree | | | `-- sha.js@2.4.5
125 silly idealTree | | +-- create-hmac@1.1.4
125 silly idealTree | | +-- diffie-hellman@5.0.2
125 silly idealTree | | | +-- bn.js@4.11.1
125 silly idealTree | | | `-- miller-rabin@4.0.0
125 silly idealTree | | |   `-- brorand@1.0.5
125 silly idealTree | | +-- inherits@2.0.1
125 silly idealTree | | +-- pbkdf2@3.0.4
125 silly idealTree | | +-- public-encrypt@4.0.0
125 silly idealTree | | | +-- bn.js@4.11.1
125 silly idealTree | | | +-- browserify-rsa@4.0.1
125 silly idealTree | | | `-- parse-asn1@5.0.0
125 silly idealTree | | |   +-- asn1.js@4.5.2
125 silly idealTree | | |   | `-- minimalistic-assert@1.0.0
125 silly idealTree | | |   +-- browserify-aes@1.0.6
125 silly idealTree | | |   | +-- buffer-xor@1.0.3
125 silly idealTree | | |   | `-- cipher-base@1.0.2
125 silly idealTree | | |   `-- evp_bytestokey@1.0.0
125 silly idealTree | | `-- randombytes@2.0.3
125 silly idealTree | +-- domain-browser@1.1.7
125 silly idealTree | +-- events@1.1.0
125 silly idealTree | +-- http-browserify@1.7.0
125 silly idealTree | | +-- Base64@0.2.1
125 silly idealTree | | `-- inherits@2.0.1
125 silly idealTree | +-- https-browserify@0.0.1
125 silly idealTree | +-- os-browserify@0.2.1
125 silly idealTree | +-- path-browserify@0.0.0
125 silly idealTree | +-- process@0.11.2
125 silly idealTree | +-- punycode@1.4.1
125 silly idealTree | +-- querystring-es3@0.2.1
125 silly idealTree | +-- readable-stream@2.0.6
125 silly idealTree | | +-- core-util-is@1.0.2
125 silly idealTree | | +-- inherits@2.0.1
125 silly idealTree | | +-- isarray@1.0.0
125 silly idealTree | | +-- process-nextick-args@1.0.6
125 silly idealTree | | `-- util-deprecate@1.0.2
125 silly idealTree | +-- stream-browserify@2.0.1
125 silly idealTree | | `-- inherits@2.0.1
125 silly idealTree | +-- string_decoder@0.10.31
125 silly idealTree | +-- timers-browserify@1.4.2
125 silly idealTree | +-- tty-browserify@0.0.0
125 silly idealTree | +-- url@0.11.0
125 silly idealTree | | +-- punycode@1.3.2
125 silly idealTree | | `-- querystring@0.2.0
125 silly idealTree | +-- util@0.10.3
125 silly idealTree | | `-- inherits@2.0.1
125 silly idealTree | `-- vm-browserify@0.0.4
125 silly idealTree |   `-- indexof@0.0.1
125 silly idealTree +-- mime-db@1.23.0
125 silly idealTree +-- mime-types@2.1.11
125 silly idealTree +-- mime@1.3.4
125 silly idealTree +-- minimatch@3.0.2
125 silly idealTree +-- minimist@0.0.8
125 silly idealTree +-- mkdirp@0.5.1
125 silly idealTree +-- mmmagic@0.4.4
125 silly idealTree +-- moment@2.11.2
125 silly idealTree +-- mongo-xlsx@1.0.12
125 silly idealTree +-- ms@0.7.1
125 silly idealTree +-- nan@2.2.1
125 silly idealTree +-- negotiator@0.4.9
125 silly idealTree +-- node-fetch@1.5.3
125 silly idealTree +-- node-int64@0.3.3
125 silly idealTree +-- node-jt400@1.0.1
125 silly idealTree | +-- async@0.9.0
125 silly idealTree | +-- glob@5.0.5
125 silly idealTree | +-- java@0.6.0
125 silly idealTree | +-- lodash@3.7.0
125 silly idealTree | +-- minimatch@2.0.10
125 silly idealTree | `-- nan@2.0.9
125 silly idealTree +-- node-usb-barcode-scanner@1.0.1
125 silly idealTree | +-- node-hid@0.4.1
125 silly idealTree | | `-- nan@2.3.2
125 silly idealTree | `-- underscore@1.8.3
125 silly idealTree +-- node-uuid@1.4.7
125 silly idealTree +-- node-xlsx@0.7.1
125 silly idealTree +-- nopt@3.0.6
125 silly idealTree +-- npmlog@3.1.2
125 silly idealTree +-- number-is-nan@1.0.0
125 silly idealTree +-- oauth-sign@0.8.2
125 silly idealTree +-- object-assign@4.1.0
125 silly idealTree +-- object-component@0.0.3
125 silly idealTree +-- object-extended@0.0.7
125 silly idealTree +-- odbc@1.2.1
125 silly idealTree | `-- bindings@1.2.1
125 silly idealTree +-- once@1.3.3
125 silly idealTree +-- options@0.0.6
125 silly idealTree +-- os-homedir@1.0.1
125 silly idealTree +-- os-tmpdir@1.0.1
125 silly idealTree +-- osenv@0.1.3
125 silly idealTree +-- over@0.0.5
125 silly idealTree +-- pako@0.2.8
125 silly idealTree +-- parsejson@0.0.1
125 silly idealTree +-- parseqs@0.0.2
125 silly idealTree +-- parseuri@0.0.4
125 silly idealTree +-- path-array@1.0.1
125 silly idealTree +-- path-is-absolute@1.0.0
125 silly idealTree +-- pinkie-promise@2.0.1
125 silly idealTree +-- pinkie@2.0.4
125 silly idealTree +-- process-nextick-args@1.0.7
125 silly idealTree +-- promise@7.1.1
125 silly idealTree +-- pullstream@0.4.1
125 silly idealTree | +-- isarray@0.0.1
125 silly idealTree | `-- readable-stream@1.0.34
125 silly idealTree +-- q@1.4.1
125 silly idealTree +-- qs@6.1.0
125 silly idealTree +-- query-string@4.2.2
125 silly idealTree +-- react-addons-create-fragment@15.1.0
125 silly idealTree +-- react-addons-css-transition-group@15.1.0
125 silly idealTree +-- react-addons-linked-state-mixin@15.1.0
125 silly idealTree +-- react-addons-perf@15.1.0
125 silly idealTree +-- react-addons-pure-render-mixin@15.1.0
125 silly idealTree +-- react-addons-test-utils@15.1.0
125 silly idealTree +-- react-addons-transition-group@15.1.0
125 silly idealTree +-- react-addons-update@15.1.0
125 silly idealTree +-- react-addons@0.9.1-deprecated
125 silly idealTree +-- react-dom@15.1.0
125 silly idealTree +-- react-event-listener@0.2.1
125 silly idealTree +-- react-router@2.5.1
125 silly idealTree | +-- history@2.1.2
125 silly idealTree | `-- query-string@3.0.3
125 silly idealTree +-- react-tap-event-plugin@1.0.0
125 silly idealTree | +-- fbjs@0.2.1
125 silly idealTree | `-- whatwg-fetch@0.9.0
125 silly idealTree +-- react@15.1.0
125 silly idealTree +-- readable-stream@2.0.6
125 silly idealTree +-- recompose@0.19.0
125 silly idealTree +-- request@2.72.0
125 silly idealTree +-- rimraf@2.5.2
125 silly idealTree +-- sax@0.6.1
125 silly idealTree +-- semver@5.2.0
125 silly idealTree +-- set-blocking@2.0.0
125 silly idealTree +-- setimmediate@1.0.4
125 silly idealTree +-- signal-exit@3.0.0
125 silly idealTree +-- simple-assign@0.1.0
125 silly idealTree +-- simpledb-php@1.1.0
125 silly idealTree +-- slice-stream@1.0.0
125 silly idealTree | +-- isarray@0.0.1
125 silly idealTree | `-- readable-stream@1.0.34
125 silly idealTree +-- sntp@1.0.9
125 silly idealTree +-- socket.io-adapter@0.4.0
125 silly idealTree | +-- isarray@0.0.1
125 silly idealTree | `-- socket.io-parser@2.2.2
125 silly idealTree |   `-- debug@0.7.4
125 silly idealTree +-- socket.io-client@1.4.8
125 silly idealTree | `-- component-emitter@1.2.0
125 silly idealTree +-- socket.io-parser@2.2.6
125 silly idealTree | +-- isarray@0.0.1
125 silly idealTree | `-- json3@3.3.2
125 silly idealTree +-- socket.io@1.4.8
125 silly idealTree +-- srv-to-csv@0.2.0
125 silly idealTree +-- ssf@0.8.2
125 silly idealTree +-- sshpk@1.8.3
125 silly idealTree | `-- assert-plus@1.0.0
125 silly idealTree +-- stream-transform@0.1.1
125 silly idealTree +-- strict-uri-encode@1.1.0
125 silly idealTree +-- string_decoder@0.10.31
125 silly idealTree +-- string-extended@0.0.8
125 silly idealTree +-- string-width@1.0.1
125 silly idealTree +-- string@3.3.1
125 silly idealTree +-- stringstream@0.0.5
125 silly idealTree +-- strip-ansi@3.0.1
125 silly idealTree +-- supports-color@2.0.0
125 silly idealTree +-- tar-stream@1.1.5
125 silly idealTree | +-- bl@0.9.5
125 silly idealTree | +-- isarray@0.0.1
125 silly idealTree | `-- readable-stream@1.0.34
125 silly idealTree +-- tar.gz@0.1.1
125 silly idealTree | +-- commander@1.1.1
125 silly idealTree | +-- fstream@0.1.31
125 silly idealTree | `-- graceful-fs@3.0.9
125 silly idealTree +-- tar@0.1.20
125 silly idealTree | +-- fstream@0.1.31
125 silly idealTree | `-- graceful-fs@3.0.9
125 silly idealTree +-- through@2.3.8
125 silly idealTree +-- to-array@0.1.4
125 silly idealTree +-- to-csv@0.1.1
125 silly idealTree +-- tough-cookie@2.2.2
125 silly idealTree +-- traverse@0.3.9
125 silly idealTree +-- tunnel-agent@0.4.3
125 silly idealTree +-- tweetnacl@0.13.3
125 silly idealTree +-- typedarray@0.0.6
125 silly idealTree +-- ua-parser-js@0.7.10
125 silly idealTree +-- ultron@1.0.2
125 silly idealTree +-- underscore@1.6.0
125 silly idealTree +-- unzip@0.1.11
125 silly idealTree | +-- fstream@0.1.31
125 silly idealTree | +-- graceful-fs@3.0.9
125 silly idealTree | +-- isarray@0.0.1
125 silly idealTree | `-- readable-stream@1.0.34
125 silly idealTree +-- unzip2@0.2.5
125 silly idealTree | +-- fstream@0.1.31
125 silly idealTree | +-- graceful-fs@3.0.8
125 silly idealTree | +-- isarray@0.0.1
125 silly idealTree | `-- readable-stream@1.0.34
125 silly idealTree +-- utf8@2.1.0
125 silly idealTree +-- util-deprecate@1.0.2
125 silly idealTree +-- verror@1.3.6
125 silly idealTree +-- voc@0.5.0
125 silly idealTree +-- warning@2.1.0
125 silly idealTree +-- whatwg-fetch@1.0.0
125 silly idealTree +-- which@1.0.9
125 silly idealTree +-- wide-align@1.1.0
125 silly idealTree +-- wrappy@1.0.2
125 silly idealTree +-- ws@1.1.0
125 silly idealTree +-- xlsx@0.8.0
125 silly idealTree | `-- codepage@1.3.8
125 silly idealTree +-- xmlhttprequest-ssl@1.5.1
125 silly idealTree +-- xtend@4.0.1
125 silly idealTree +-- yeast@0.1.2
125 silly idealTree `-- zip-stream@0.5.2
125 silly idealTree   +-- isarray@0.0.1
125 silly idealTree   +-- lodash@3.2.0
125 silly idealTree   `-- readable-stream@1.0.34
126 silly generateActionsToTake Starting
127 silly install generateActionsToTake
128 silly generateActionsToTake Finishing
129 silly diffTrees action count 2
130 silly diffTrees add bindings@1.2.1
131 silly diffTrees add odbc@1.2.1
132 silly decomposeActions action count 16
133 silly decomposeActions fetch bindings@1.2.1
134 silly decomposeActions extract bindings@1.2.1
135 silly decomposeActions test bindings@1.2.1
136 silly decomposeActions preinstall bindings@1.2.1
137 silly decomposeActions build bindings@1.2.1
138 silly decomposeActions install bindings@1.2.1
139 silly decomposeActions postinstall bindings@1.2.1
140 silly decomposeActions finalize bindings@1.2.1
141 silly decomposeActions fetch odbc@1.2.1
142 silly decomposeActions extract odbc@1.2.1
143 silly decomposeActions test odbc@1.2.1
144 silly decomposeActions preinstall odbc@1.2.1
145 silly decomposeActions build odbc@1.2.1
146 silly decomposeActions install odbc@1.2.1
147 silly decomposeActions postinstall odbc@1.2.1
148 silly decomposeActions finalize odbc@1.2.1
149 silly executeActions Starting
150 silly install executeActions
151 silly doSerial global-install 0
152 silly doParallel fetch 2
153 verbose correctMkdir C:\Users\Scott\AppData\Roaming\npm-cache\_locks correctMkdir not in flight; initializing
154 verbose makeDirectory C:\Users\Scott\AppData\Roaming\npm-cache\_locks creation not in flight; initializing
155 verbose makeCacheDir UID & GID are irrelevant on win32
156 verbose lock using C:\Users\Scott\AppData\Roaming\npm-cache\_locks\staging-c12c6d60eb3e9aa8.lock for C:\Users\Scott\Desktop\scanner\node_modules\.staging
157 silly doParallel extract 2
158 silly extract bindings@1.2.1
159 silly extract odbc@1.2.1
160 verbose unbuild node_modules\.staging\bindings-34e3424e
161 verbose unbuild node_modules\.staging\odbc-3b744f4d
162 silly gentlyRm C:\Users\Scott\Desktop\scanner\node_modules\.staging\bindings-34e3424e is being purged from base C:\Users\Scott\Desktop\scanner
163 verbose gentlyRm don't care about contents; nuking C:\Users\Scott\Desktop\scanner\node_modules\.staging\bindings-34e3424e
164 silly gentlyRm C:\Users\Scott\Desktop\scanner\node_modules\.staging\odbc-3b744f4d is being purged from base C:\Users\Scott\Desktop\scanner
165 verbose gentlyRm don't care about contents; nuking C:\Users\Scott\Desktop\scanner\node_modules\.staging\odbc-3b744f4d
166 verbose tar unpack C:\Users\Scott\AppData\Roaming\npm-cache\bindings\1.2.1\package.tgz
167 verbose tar unpacking to C:\Users\Scott\Desktop\scanner\node_modules\.staging\bindings-34e3424e
168 silly gentlyRm C:\Users\Scott\Desktop\scanner\node_modules\.staging\bindings-34e3424e is being purged
169 verbose gentlyRm don't care about contents; nuking C:\Users\Scott\Desktop\scanner\node_modules\.staging\bindings-34e3424e
170 verbose tar unpack C:\Users\Scott\AppData\Roaming\npm-cache\odbc\1.2.1\package.tgz
171 verbose tar unpacking to C:\Users\Scott\Desktop\scanner\node_modules\.staging\odbc-3b744f4d
172 silly gentlyRm C:\Users\Scott\Desktop\scanner\node_modules\.staging\odbc-3b744f4d is being purged
173 verbose gentlyRm don't care about contents; nuking C:\Users\Scott\Desktop\scanner\node_modules\.staging\odbc-3b744f4d
174 silly gunzTarPerm modes [ '777', '666' ]
175 silly gunzTarPerm modes [ '777', '666' ]
176 silly gunzTarPerm extractEntry package.json
177 silly gunzTarPerm modified mode [ 'package.json', 420, 438 ]
178 silly gunzTarPerm extractEntry package.json
179 silly gunzTarPerm modified mode [ 'package.json', 436, 438 ]
180 silly gunzTarPerm extractEntry README.md
181 silly gunzTarPerm modified mode [ 'README.md', 420, 438 ]
182 silly gunzTarPerm extractEntry bindings.js
183 silly gunzTarPerm modified mode [ 'bindings.js', 420, 438 ]
184 silly gunzTarPerm extractEntry .npmignore
185 silly gunzTarPerm modified mode [ '.npmignore', 436, 438 ]
186 silly gunzTarPerm extractEntry README.md
187 silly gunzTarPerm modified mode [ 'README.md', 436, 438 ]
188 silly gunzTarPerm extractEntry LICENSE
189 silly gunzTarPerm modified mode [ 'LICENSE', 436, 438 ]
190 silly gunzTarPerm extractEntry build/Makefile
191 silly gunzTarPerm modified mode [ 'build/Makefile', 436, 438 ]
192 silly gunzTarPerm extractEntry build/Release/.deps/Release/obj.target/odbc_bindings/src/dynodbc.o.d
193 silly gunzTarPerm modified mode [ 'build/Release/.deps/Release/obj.target/odbc_bindings/src/dynodbc.o.d',
193 silly gunzTarPerm   436,
193 silly gunzTarPerm   438 ]
194 silly gunzTarPerm extractEntry build/Release/.deps/Release/obj.target/odbc_bindings/src/odbc.o.d
195 silly gunzTarPerm modified mode [ 'build/Release/.deps/Release/obj.target/odbc_bindings/src/odbc.o.d',
195 silly gunzTarPerm   436,
195 silly gunzTarPerm   438 ]
196 silly gunzTarPerm extractEntry build/Release/.deps/Release/obj.target/odbc_bindings/src/odbc_connection.o.d
197 silly gunzTarPerm modified mode [ 'build/Release/.deps/Release/obj.target/odbc_bindings/src/odbc_connection.o.d',
197 silly gunzTarPerm   436,
197 silly gunzTarPerm   438 ]
198 silly gentlyRm C:\Users\Scott\Desktop\scanner\node_modules\.staging\bindings-34e3424e\node_modules is being purged
199 verbose gentlyRm don't care about contents; nuking C:\Users\Scott\Desktop\scanner\node_modules\.staging\bindings-34e3424e\node_modules
200 silly gunzTarPerm extractEntry build/Release/.deps/Release/obj.target/odbc_bindings/src/odbc_result.o.d
201 silly gunzTarPerm modified mode [ 'build/Release/.deps/Release/obj.target/odbc_bindings/src/odbc_result.o.d',
201 silly gunzTarPerm   436,
201 silly gunzTarPerm   438 ]
202 silly gunzTarPerm extractEntry build/Release/.deps/Release/obj.target/odbc_bindings/src/odbc_statement.o.d
203 silly gunzTarPerm modified mode [ 'build/Release/.deps/Release/obj.target/odbc_bindings/src/odbc_statement.o.d',
203 silly gunzTarPerm   436,
203 silly gunzTarPerm   438 ]
204 silly gunzTarPerm extractEntry build/Release/.deps/Release/obj.target/odbc_bindings.node.d
205 silly gunzTarPerm modified mode [ 'build/Release/.deps/Release/obj.target/odbc_bindings.node.d',
205 silly gunzTarPerm   436,
205 silly gunzTarPerm   438 ]
206 silly gunzTarPerm extractEntry build/Release/.deps/Release/odbc_bindings.node.d
207 silly gunzTarPerm modified mode [ 'build/Release/.deps/Release/odbc_bindings.node.d', 436, 438 ]
208 silly gunzTarPerm extractEntry build/Release/linker.lock
209 silly gunzTarPerm modified mode [ 'build/Release/linker.lock', 436, 438 ]
210 silly gunzTarPerm extractEntry build/Release/obj.target/odbc_bindings/src/dynodbc.o
211 silly gunzTarPerm modified mode [ 'build/Release/obj.target/odbc_bindings/src/dynodbc.o',
211 silly gunzTarPerm   436,
211 silly gunzTarPerm   438 ]
212 silly gunzTarPerm extractEntry build/Release/obj.target/odbc_bindings/src/odbc.o
213 silly gunzTarPerm modified mode [ 'build/Release/obj.target/odbc_bindings/src/odbc.o', 436, 438 ]
214 silly gunzTarPerm extractEntry build/Release/obj.target/odbc_bindings/src/odbc_connection.o
215 silly gunzTarPerm modified mode [ 'build/Release/obj.target/odbc_bindings/src/odbc_connection.o',
215 silly gunzTarPerm   436,
215 silly gunzTarPerm   438 ]
216 silly gunzTarPerm extractEntry build/Release/obj.target/odbc_bindings/src/odbc_result.o
217 silly gunzTarPerm modified mode [ 'build/Release/obj.target/odbc_bindings/src/odbc_result.o',
217 silly gunzTarPerm   436,
217 silly gunzTarPerm   438 ]
218 silly gunzTarPerm extractEntry build/Release/obj.target/odbc_bindings/src/odbc_statement.o
219 silly gunzTarPerm modified mode [ 'build/Release/obj.target/odbc_bindings/src/odbc_statement.o',
219 silly gunzTarPerm   436,
219 silly gunzTarPerm   438 ]
220 silly gunzTarPerm extractEntry build/Release/obj.target/odbc_bindings.node
221 silly gunzTarPerm modified mode [ 'build/Release/obj.target/odbc_bindings.node', 509, 511 ]
222 silly gunzTarPerm extractEntry build/Release/odbc_bindings.node
223 silly gunzTarPerm modified mode [ 'build/Release/odbc_bindings.node', 509, 511 ]
224 silly gunzTarPerm extractEntry build/binding.Makefile
225 silly gunzTarPerm modified mode [ 'build/binding.Makefile', 436, 438 ]
226 silly gunzTarPerm extractEntry build/odbc_bindings.target.mk
227 silly gunzTarPerm modified mode [ 'build/odbc_bindings.target.mk', 436, 438 ]
228 silly gunzTarPerm extractEntry binding.gyp
229 silly gunzTarPerm modified mode [ 'binding.gyp', 436, 438 ]
230 silly gunzTarPerm extractEntry examples/describe.js
231 silly gunzTarPerm modified mode [ 'examples/describe.js', 436, 438 ]
232 silly gunzTarPerm extractEntry examples/params.js
233 silly gunzTarPerm modified mode [ 'examples/params.js', 436, 438 ]
234 silly gunzTarPerm extractEntry lib/odbc.js
235 silly gunzTarPerm modified mode [ 'lib/odbc.js', 436, 438 ]
236 silly gunzTarPerm extractEntry lib/simple-queue.js
237 silly gunzTarPerm modified mode [ 'lib/simple-queue.js', 436, 438 ]
238 silly gunzTarPerm extractEntry src/odbc_connection.h
239 silly gunzTarPerm modified mode [ 'src/odbc_connection.h', 436, 438 ]
240 silly gunzTarPerm extractEntry src/dynodbc.h
241 silly gunzTarPerm modified mode [ 'src/dynodbc.h', 436, 438 ]
242 silly gunzTarPerm extractEntry src/odbc.cpp
243 silly gunzTarPerm modified mode [ 'src/odbc.cpp', 436, 438 ]
244 silly gunzTarPerm extractEntry src/odbc.h
245 silly gunzTarPerm modified mode [ 'src/odbc.h', 436, 438 ]
246 silly gunzTarPerm extractEntry src/odbc_connection.cpp
247 silly gunzTarPerm modified mode [ 'src/odbc_connection.cpp', 436, 438 ]
248 silly gunzTarPerm extractEntry src/dynodbc.cpp
249 silly gunzTarPerm modified mode [ 'src/dynodbc.cpp', 436, 438 ]
250 silly gunzTarPerm extractEntry src/odbc_result.cpp
251 silly gunzTarPerm modified mode [ 'src/odbc_result.cpp', 436, 438 ]
252 silly gunzTarPerm extractEntry src/odbc_result.h
253 silly gunzTarPerm modified mode [ 'src/odbc_result.h', 436, 438 ]
254 silly gunzTarPerm extractEntry src/odbc_statement.cpp
255 silly gunzTarPerm modified mode [ 'src/odbc_statement.cpp', 436, 438 ]
256 silly gunzTarPerm extractEntry src/odbc_statement.h
257 silly gunzTarPerm modified mode [ 'src/odbc_statement.h', 436, 438 ]
258 silly gunzTarPerm extractEntry src/strptime.c
259 silly gunzTarPerm modified mode [ 'src/strptime.c', 436, 438 ]
260 silly gunzTarPerm extractEntry src/strptime.h
261 silly gunzTarPerm modified mode [ 'src/strptime.h', 436, 438 ]
262 silly gunzTarPerm extractEntry test/bench-prepare-bind-execute-closeSync.js
263 silly gunzTarPerm modified mode [ 'test/bench-prepare-bind-execute-closeSync.js', 436, 438 ]
264 silly gunzTarPerm extractEntry test/test-domains-open.js
265 silly gunzTarPerm modified mode [ 'test/test-domains-open.js', 436, 438 ]
266 silly gunzTarPerm extractEntry test/test-global-open-close.js
267 silly gunzTarPerm modified mode [ 'test/test-global-open-close.js', 436, 438 ]
268 silly gunzTarPerm extractEntry test/test-instantiate-one-and-end.js
269 silly gunzTarPerm modified mode [ 'test/test-instantiate-one-and-end.js', 436, 438 ]
270 silly gunzTarPerm extractEntry test/test-describe-table.js
271 silly gunzTarPerm modified mode [ 'test/test-describe-table.js', 436, 438 ]
272 silly gunzTarPerm extractEntry test/test-issue-85.js
273 silly gunzTarPerm modified mode [ 'test/test-issue-85.js', 436, 438 ]
274 silly gunzTarPerm extractEntry test/test-issue-get-column-value-2.js
275 silly gunzTarPerm modified mode [ 'test/test-issue-get-column-value-2.js', 436, 438 ]
276 silly gunzTarPerm extractEntry test/bench-prepare-bind-executeNonQuery.js
277 silly gunzTarPerm modified mode [ 'test/bench-prepare-bind-executeNonQuery.js', 436, 438 ]
278 silly gunzTarPerm extractEntry test/test-multi-open-close.js
279 silly gunzTarPerm modified mode [ 'test/test-multi-open-close.js', 436, 438 ]
280 silly gunzTarPerm extractEntry test/test-multi-open-query-close.js
281 silly gunzTarPerm modified mode [ 'test/test-multi-open-query-close.js', 436, 438 ]
282 silly gunzTarPerm extractEntry test/test-describe-database.js
283 silly gunzTarPerm modified mode [ 'test/test-describe-database.js', 436, 438 ]
284 silly gunzTarPerm extractEntry test/test-multi-openSync-closeSync.js
285 silly gunzTarPerm modified mode [ 'test/test-multi-openSync-closeSync.js', 436, 438 ]
286 silly gunzTarPerm extractEntry test/test-describe-column.js
287 silly gunzTarPerm modified mode [ 'test/test-describe-column.js', 436, 438 ]
288 silly gunzTarPerm extractEntry test/test-open-close.js
289 silly gunzTarPerm modified mode [ 'test/test-open-close.js', 436, 438 ]
290 silly gunzTarPerm extractEntry test/test-date.js
291 silly gunzTarPerm modified mode [ 'test/test-date.js', 436, 438 ]
292 silly gunzTarPerm extractEntry test/test-open-connectTimeout.js
293 silly gunzTarPerm modified mode [ 'test/test-open-connectTimeout.js', 436, 438 ]
294 silly gunzTarPerm extractEntry test/test-connection-object.js
295 silly gunzTarPerm modified mode [ 'test/test-connection-object.js', 436, 438 ]
296 silly gunzTarPerm extractEntry test/test-open-dont-close.js
297 silly gunzTarPerm modified mode [ 'test/test-open-dont-close.js', 436, 438 ]
298 silly gunzTarPerm extractEntry test/test-closed.js
299 silly gunzTarPerm modified mode [ 'test/test-closed.js', 436, 438 ]
300 silly gunzTarPerm extractEntry test/test-open-loginTimeout.js
301 silly gunzTarPerm modified mode [ 'test/test-open-loginTimeout.js', 436, 438 ]
302 silly gunzTarPerm extractEntry test/test-binding-transaction-commitSync.js
303 silly gunzTarPerm modified mode [ 'test/test-binding-transaction-commitSync.js', 436, 438 ]
304 silly gunzTarPerm extractEntry test/test-openSync.js
305 silly gunzTarPerm modified mode [ 'test/test-openSync.js', 436, 438 ]
306 silly gunzTarPerm extractEntry test/test-binding-transaction-commit.js
307 silly gunzTarPerm modified mode [ 'test/test-binding-transaction-commit.js', 436, 438 ]
308 silly gunzTarPerm extractEntry test/test-param-select-with-booleans-only.js
309 silly gunzTarPerm modified mode [ 'test/test-param-select-with-booleans-only.js', 436, 438 ]
310 silly gunzTarPerm extractEntry test/test-binding-statement-rebinding.js
311 silly gunzTarPerm modified mode [ 'test/test-binding-statement-rebinding.js', 436, 438 ]
312 silly gunzTarPerm extractEntry test/test-param-select-with-decimals-only.js
313 silly gunzTarPerm modified mode [ 'test/test-param-select-with-decimals-only.js', 436, 438 ]
314 silly gunzTarPerm extractEntry test/test-binding-statement-executeSync.js
315 silly gunzTarPerm modified mode [ 'test/test-binding-statement-executeSync.js', 436, 438 ]
316 silly gunzTarPerm extractEntry test/test-param-select-with-null.js
317 silly gunzTarPerm modified mode [ 'test/test-param-select-with-null.js', 436, 438 ]
318 silly gunzTarPerm extractEntry test/test-binding-connection-timeOut.js
319 silly gunzTarPerm modified mode [ 'test/test-binding-connection-timeOut.js', 436, 438 ]
320 silly gunzTarPerm extractEntry test/test-param-select-with-nulls-mixed.js
321 silly gunzTarPerm modified mode [ 'test/test-param-select-with-nulls-mixed.js', 436, 438 ]
322 silly gunzTarPerm extractEntry test/test-binding-connection-loginTimeout.js
323 silly gunzTarPerm modified mode [ 'test/test-binding-connection-loginTimeout.js', 436, 438 ]
324 silly gunzTarPerm extractEntry test/test-param-select-with-numbers-mixed.js
325 silly gunzTarPerm modified mode [ 'test/test-param-select-with-numbers-mixed.js', 436, 438 ]
326 silly gunzTarPerm extractEntry test/test-bad-connection-string.js
327 silly gunzTarPerm modified mode [ 'test/test-bad-connection-string.js', 436, 438 ]
328 silly gunzTarPerm extractEntry test/test-param-select-with-numbers-only.js
329 silly gunzTarPerm modified mode [ 'test/test-param-select-with-numbers-only.js', 436, 438 ]
330 silly gunzTarPerm extractEntry test/sql-cli.js
331 silly gunzTarPerm modified mode [ 'test/sql-cli.js', 436, 438 ]
332 silly gunzTarPerm extractEntry test/test-param-select-with-strings-only.js
333 silly gunzTarPerm modified mode [ 'test/test-param-select-with-strings-only.js', 436, 438 ]
334 silly gunzTarPerm extractEntry test/run-tests.js
335 silly gunzTarPerm modified mode [ 'test/run-tests.js', 436, 438 ]
336 silly gunzTarPerm extractEntry test/test-param-select-with-unicode.js
337 silly gunzTarPerm modified mode [ 'test/test-param-select-with-unicode.js', 436, 438 ]
338 silly gunzTarPerm extractEntry test/run-bench.js
339 silly gunzTarPerm modified mode [ 'test/run-bench.js', 436, 438 ]
340 silly gunzTarPerm extractEntry test/test-pool-close.js
341 silly gunzTarPerm modified mode [ 'test/test-pool-close.js', 436, 438 ]
342 silly gunzTarPerm extractEntry test/test-querySync-select-unicode.js
343 silly gunzTarPerm modified mode [ 'test/test-querySync-select-unicode.js', 436, 438 ]
344 silly gunzTarPerm extractEntry test/test-pool-connect.js
345 silly gunzTarPerm modified mode [ 'test/test-pool-connect.js', 436, 438 ]
346 silly gunzTarPerm extractEntry test/test-querySync-select-with-execption.js
347 silly gunzTarPerm modified mode [ 'test/test-querySync-select-with-execption.js', 436, 438 ]
348 silly gunzTarPerm extractEntry test/test-prepare-bind-execute-closeSync.js
349 silly gunzTarPerm modified mode [ 'test/test-prepare-bind-execute-closeSync.js', 436, 438 ]
350 silly gunzTarPerm extractEntry test/test-querySync-select.js
351 silly gunzTarPerm modified mode [ 'test/test-querySync-select.js', 436, 438 ]
352 silly gunzTarPerm extractEntry test/test-prepare-bind-execute-error.js
353 silly gunzTarPerm modified mode [ 'test/test-prepare-bind-execute-error.js', 436, 438 ]
354 silly gunzTarPerm extractEntry test/test-require-and-end.js
355 silly gunzTarPerm modified mode [ 'test/test-require-and-end.js', 436, 438 ]
356 silly gunzTarPerm extractEntry test/test-prepare-bind-execute-long-string.js
357 silly gunzTarPerm modified mode [ 'test/test-prepare-bind-execute-long-string.js', 436, 438 ]
358 silly gunzTarPerm extractEntry test/common.js
359 silly gunzTarPerm modified mode [ 'test/common.js', 436, 438 ]
360 silly gunzTarPerm extractEntry test/test-prepare-bindSync-execute-closeSync.js
361 silly gunzTarPerm modified mode [ 'test/test-prepare-bindSync-execute-closeSync.js', 436, 438 ]
362 silly gunzTarPerm extractEntry test/test-transaction-commit-sync.js
363 silly gunzTarPerm modified mode [ 'test/test-transaction-commit-sync.js', 436, 438 ]
364 silly gunzTarPerm extractEntry test/test-prepare.js
365 silly gunzTarPerm modified mode [ 'test/test-prepare.js', 436, 438 ]
366 silly gunzTarPerm extractEntry test/bench-querySync.js
367 silly gunzTarPerm modified mode [ 'test/bench-querySync.js', 436, 438 ]
368 silly gunzTarPerm extractEntry test/test-prepareSync-bad-sql.js
369 silly gunzTarPerm modified mode [ 'test/test-prepareSync-bad-sql.js', 436, 438 ]
370 silly gunzTarPerm extractEntry test/bench-querySync-parameters.js
371 silly gunzTarPerm modified mode [ 'test/bench-querySync-parameters.js', 436, 438 ]
372 silly gunzTarPerm extractEntry test/test-prepareSync-multiple-execution.js
373 silly gunzTarPerm modified mode [ 'test/test-prepareSync-multiple-execution.js', 436, 438 ]
374 silly gunzTarPerm extractEntry test/bench-querySync-fetchArray.js
375 silly gunzTarPerm modified mode [ 'test/bench-querySync-fetchArray.js', 436, 438 ]
376 silly gunzTarPerm extractEntry test/test-prepareSync.js
377 silly gunzTarPerm modified mode [ 'test/test-prepareSync.js', 436, 438 ]
378 silly gunzTarPerm extractEntry test/bench-query.js
379 silly gunzTarPerm modified mode [ 'test/bench-query.js', 436, 438 ]
380 silly gunzTarPerm extractEntry test/test-query-create-table-fetchSync.js
381 silly gunzTarPerm modified mode [ 'test/test-query-create-table-fetchSync.js', 436, 438 ]
382 silly gunzTarPerm extractEntry test/bench-query-fetchAllSync.js
383 silly gunzTarPerm modified mode [ 'test/bench-query-fetchAllSync.js', 436, 438 ]
384 silly gunzTarPerm extractEntry test/test-query-create-table.js
385 silly gunzTarPerm modified mode [ 'test/test-query-create-table.js', 436, 438 ]
386 silly gunzTarPerm extractEntry test/bench-query-fetchAll.js
387 silly gunzTarPerm modified mode [ 'test/bench-query-fetchAll.js', 436, 438 ]
388 silly gunzTarPerm extractEntry test/test-query-drop-table.js
389 silly gunzTarPerm modified mode [ 'test/test-query-drop-table.js', 436, 438 ]
390 silly gunzTarPerm extractEntry test/bench-query-fetch.js
391 silly gunzTarPerm modified mode [ 'test/bench-query-fetch.js', 436, 438 ]
392 silly gunzTarPerm extractEntry test/test-query-insert.js
393 silly gunzTarPerm modified mode [ 'test/test-query-insert.js', 436, 438 ]
394 silly gunzTarPerm extractEntry test/bench-query-fetch-parameters.js
395 silly gunzTarPerm modified mode [ 'test/bench-query-fetch-parameters.js', 436, 438 ]
396 silly gunzTarPerm extractEntry test/test-query-select-fetch.js
397 silly gunzTarPerm modified mode [ 'test/test-query-select-fetch.js', 436, 438 ]
398 silly gunzTarPerm extractEntry test/bench-prepare-not.js
399 silly gunzTarPerm modified mode [ 'test/bench-prepare-not.js', 436, 438 ]
400 silly gunzTarPerm extractEntry test/test-query-select-fetchAll.js
401 silly gunzTarPerm modified mode [ 'test/test-query-select-fetchAll.js', 436, 438 ]
402 silly gunzTarPerm extractEntry test/bench-prepare-executeNonQuery.js
403 silly gunzTarPerm modified mode [ 'test/bench-prepare-executeNonQuery.js', 436, 438 ]
404 silly gunzTarPerm extractEntry test/test-query-select-fetchAllSync.js
405 silly gunzTarPerm modified mode [ 'test/test-query-select-fetchAllSync.js', 436, 438 ]
406 silly gunzTarPerm extractEntry test/bench-prepare-execute-closeSync.js
407 silly gunzTarPerm modified mode [ 'test/bench-prepare-execute-closeSync.js', 436, 438 ]
408 silly gunzTarPerm extractEntry test/test-query-select-fetchMode-array.js
409 silly gunzTarPerm modified mode [ 'test/test-query-select-fetchMode-array.js', 436, 438 ]
410 silly gunzTarPerm extractEntry test/bench-prepare-bindSync-executeNonQuery.js
411 silly gunzTarPerm modified mode [ 'test/bench-prepare-bindSync-executeNonQuery.js', 436, 438 ]
412 silly gunzTarPerm extractEntry test/test-query-select-unicode.js
413 silly gunzTarPerm modified mode [ 'test/test-query-select-unicode.js', 436, 438 ]
414 silly gunzTarPerm extractEntry test/bench-prepare-bindSync-execute-closeSync.js
415 silly gunzTarPerm modified mode [ 'test/bench-prepare-bindSync-execute-closeSync.js', 436, 438 ]
416 silly gunzTarPerm extractEntry test/test-query-select.js
417 silly gunzTarPerm modified mode [ 'test/test-query-select.js', 436, 438 ]
418 silly gunzTarPerm extractEntry test/test-issue-54.js
419 silly gunzTarPerm modified mode [ 'test/test-issue-54.js', 420, 438 ]
420 silly gunzTarPerm extractEntry test/test-transaction-commit.js
421 silly gunzTarPerm modified mode [ 'test/test-transaction-commit.js', 436, 438 ]
422 silly gunzTarPerm extractEntry test/test-memory-leaks-new-objects.js
423 silly gunzTarPerm modified mode [ 'test/test-memory-leaks-new-objects.js', 436, 438 ]
424 silly gunzTarPerm extractEntry test/odbc-bench.c
425 silly gunzTarPerm modified mode [ 'test/odbc-bench.c', 436, 438 ]
426 silly gunzTarPerm extractEntry test/data/.npmignore
427 silly gunzTarPerm modified mode [ 'test/data/.npmignore', 436, 438 ]
428 silly gunzTarPerm extractEntry test/config.testConnectionStrings.json
429 silly gunzTarPerm modified mode [ 'test/config.testConnectionStrings.json', 436, 438 ]
430 silly gunzTarPerm extractEntry test/config.benchConnectionStrings.json
431 silly gunzTarPerm modified mode [ 'test/config.benchConnectionStrings.json', 436, 438 ]
432 silly gentlyRm C:\Users\Scott\Desktop\scanner\node_modules\.staging\odbc-3b744f4d\node_modules is being purged
433 verbose gentlyRm don't care about contents; nuking C:\Users\Scott\Desktop\scanner\node_modules\.staging\odbc-3b744f4d\node_modules
434 silly doParallel preinstall 2
435 silly preinstall bindings@1.2.1 C:\Users\Scott\Desktop\scanner\node_modules\.staging\bindings-34e3424e
436 info lifecycle bindings@1.2.1~preinstall: bindings@1.2.1
437 silly preinstall odbc@1.2.1 C:\Users\Scott\Desktop\scanner\node_modules\.staging\odbc-3b744f4d
438 info lifecycle odbc@1.2.1~preinstall: odbc@1.2.1
439 silly lifecycle bindings@1.2.1~preinstall: no script for preinstall, continuing
440 silly lifecycle odbc@1.2.1~preinstall: no script for preinstall, continuing
441 silly doReverseSerial remove 0
442 silly doSerial move 0
443 silly doSerial finalize 2
444 silly finalize C:\Users\Scott\Desktop\scanner\node_modules\odbc\node_modules\bindings
445 silly finalize C:\Users\Scott\Desktop\scanner\node_modules\odbc
446 verbose unlock done using C:\Users\Scott\AppData\Roaming\npm-cache\_locks\staging-c12c6d60eb3e9aa8.lock for C:\Users\Scott\Desktop\scanner\node_modules\.staging
447 silly rollbackFailedOptional Starting
448 silly rollbackFailedOptional Finishing
449 silly runTopLevelLifecycles Starting
450 silly runTopLevelLifecycles Finishing
451 silly install printInstalled
452 warn scanner No description
453 warn scanner No repository field.
454 warn scanner No license field.
455 verbose stack Error: EPERM: operation not permitted, rename 'C:\Users\Scott\Desktop\scanner\node_modules\odbc' -> 'C:\Users\Scott\Desktop\scanner\node_modules\.odbc.DELETE'
455 verbose stack     at moveAway (C:\Users\Scott\AppData\Roaming\npm\node_modules\npm\lib\install\action\finalize.js:38:5)
455 verbose stack     at destStatted (C:\Users\Scott\AppData\Roaming\npm\node_modules\npm\lib\install\action\finalize.js:27:7)
455 verbose stack     at FSReqWrap.oncomplete (fs.js:123:15)
455 verbose stack
455 verbose stack Error: EPERM: operation not permitted, rename 'C:\Users\Scott\Desktop\scanner\node_modules\odbc' -> 'C:\Users\Scott\Desktop\scanner\node_modules\.odbc.DELETE'
455 verbose stack     at Error (native)
456 verbose cwd C:\Users\Scott\Desktop\scanner
457 error Windows_NT 6.2.9200
458 error argv "C:\\Program Files\\nodejs\\node.exe" "C:\\Users\\Scott\\AppData\\Roaming\\npm\\node_modules\\npm\\bin\\npm-cli.js" "install" "--save" "odbc"
459 error node v6.3.1
460 error npm  v3.10.2
461 error path C:\Users\Scott\Desktop\scanner\node_modules\odbc
462 error code EPERM
463 error errno -4048
464 error syscall rename
465 error Error: EPERM: operation not permitted, rename 'C:\Users\Scott\Desktop\scanner\node_modules\odbc' -> 'C:\Users\Scott\Desktop\scanner\node_modules\.odbc.DELETE'
465 error     at moveAway (C:\Users\Scott\AppData\Roaming\npm\node_modules\npm\lib\install\action\finalize.js:38:5)
465 error     at destStatted (C:\Users\Scott\AppData\Roaming\npm\node_modules\npm\lib\install\action\finalize.js:27:7)
465 error     at FSReqWrap.oncomplete (fs.js:123:15)
465 error
465 error Error: EPERM: operation not permitted, rename 'C:\Users\Scott\Desktop\scanner\node_modules\odbc' -> 'C:\Users\Scott\Desktop\scanner\node_modules\.odbc.DELETE'
465 error     at Error (native)
465 error  Error: EPERM: operation not permitted, rename 'C:\Users\Scott\Desktop\scanner\node_modules\odbc' -> 'C:\Users\Scott\Desktop\scanner\node_modules\.odbc.DELETE'
465 error     at moveAway (C:\Users\Scott\AppData\Roaming\npm\node_modules\npm\lib\install\action\finalize.js:38:5)
465 error     at destStatted (C:\Users\Scott\AppData\Roaming\npm\node_modules\npm\lib\install\action\finalize.js:27:7)
465 error     at FSReqWrap.oncomplete (fs.js:123:15)
465 error
465 error Error: EPERM: operation not permitted, rename 'C:\Users\Scott\Desktop\scanner\node_modules\odbc' -> 'C:\Users\Scott\Desktop\scanner\node_modules\.odbc.DELETE'
465 error     at Error (native)
466 error Please try running this command again as root/Administrator.
467 verbose exit [ -4048, true ]
